<?xml version="1.0" encoding="UTF-8"?>
<!-- Generated by org.testng.reporters.JUnitXMLReporter -->
<testsuite ignored="14" hostname="LE15-GNK1-IND" failures="1" tests="4" name="Personal Loan" time="0.055" errors="0" timestamp="2022-02-11T15:31:13 IST">
  <testcase classname="testpackage.basics" name="Case2" time="0.01"/>
  <testcase classname="testpackage.Class2" name="forsmoketestgroup" time="0.001"/>
  <testcase classname="testpackage.class3" name="Weblogincarloan" time="0.0">
    <failure type="org.testng.TestNGException" message="
Parameter &amp;apos;URL&amp;apos; is required by @Test on method Weblogincarloan but has not been marked @Optional or defined
in C:\Users\gnk1\seleniumTraining\Testng\testng3.xml">
      <![CDATA[org.testng.TestNGException: 
Parameter 'URL' is required by @Test on method Weblogincarloan but has not been marked @Optional or defined
in C:\Users\gnk1\seleniumTraining\Testng\testng3.xml
at java.base/java.util.ArrayList.forEach(ArrayList.java:1511)
... Removed 26 stack frames]]>
    </failure>
  </testcase> <!-- Weblogincarloan -->
  <testcase classname="testpackage.class4" name="Mobileloginhomeloan" time="0.001"/>
  <testcase classname="testpackage.basics" name="afc" time="0.0">
    <ignored/>
  </testcase> <!-- afc -->
  <testcase classname="testpackage.class4" name="LoginAPIhomeloan" time="0.0">
    <ignored/>
  </testcase> <!-- LoginAPIhomeloan -->
  <testcase classname="testpackage.class3" name="failuretest" time="0.0">
    <ignored/>
  </testcase> <!-- failuretest -->
  <testcase classname="testpackage.class4" name="Webloginhomeloan" time="0.0">
    <ignored/>
  </testcase> <!-- Webloginhomeloan -->
  <testcase classname="testpackage.class3" name="Mobilesignoutcarloan" time="0.0">
    <ignored/>
  </testcase> <!-- Mobilesignoutcarloan -->
  <testcase classname="testpackage.class3" name="Mobilesignincarloan" time="0.0">
    <ignored/>
  </testcase> <!-- Mobilesignincarloan -->
  <testcase classname="testpackage.Class2" name="test2" time="0.0">
    <ignored/>
  </testcase> <!-- test2 -->
  <testcase classname="testpackage.class3" name="Mobilelogincarloan" time="0.0">
    <ignored/>
  </testcase> <!-- Mobilelogincarloan -->
  <testcase classname="testpackage.class3" name="APIcarloan" time="0.0">
    <ignored/>
  </testcase> <!-- APIcarloan -->
  <testcase classname="testpackage.basics" name="Demo" time="0.0">
    <ignored/>
  </testcase> <!-- Demo -->
  <testcase classname="testpackage.Class2" name="bb" time="0.0">
    <ignored/>
  </testcase> <!-- bb -->
  <testcase classname="testpackage.Class2" name="cc" time="0.0">
    <ignored/>
  </testcase> <!-- cc -->
  <testcase classname="testpackage.Class2" name="aa" time="0.0">
    <ignored/>
  </testcase> <!-- aa -->
  <testcase classname="testpackage.Class2" name="dd" time="0.0">
    <ignored/>
  </testcase> <!-- dd -->
</testsuite> <!-- Personal Loan -->
