<?xml version="1.0" encoding="UTF-8"?>
<testng-results ignored="14" total="18" passed="3" failed="1" skipped="0">
  <reporter-output>
  </reporter-output>
  <suite started-at="2022-02-11T15:31:13 IST" name="Loan Department" finished-at="2022-02-11T15:31:13 IST" duration-ms="55">
    <groups>
      <group name="Smoketest">
        <method signature="Class2.forsmoketestgroup()[pri:0, instance:testpackage.Class2@418e7838]" name="forsmoketestgroup" class="testpackage.Class2"/>
        <method signature="basics.Case2()[pri:0, instance:testpackage.basics@49b0b76]" name="Case2" class="testpackage.basics"/>
        <method signature="class3.Weblogincarloan(java.lang.String,java.lang.String)[pri:0, instance:testpackage.class3@61230f6a]" name="Weblogincarloan" class="testpackage.class3"/>
        <method signature="class4.Mobileloginhomeloan()[pri:0, instance:testpackage.class4@3c130745]" name="Mobileloginhomeloan" class="testpackage.class4"/>
      </group> <!-- Smoketest -->
    </groups>
    <test started-at="2022-02-11T15:31:13 IST" name="Personal Loan" finished-at="2022-02-11T15:31:13 IST" duration-ms="55">
      <class name="testpackage.Class2">
        <test-method signature="forsmoketestgroup()[pri:0, instance:testpackage.Class2@418e7838]" started-at="2022-02-11T15:31:13 IST" name="forsmoketestgroup" finished-at="2022-02-11T15:31:13 IST" duration-ms="1" status="PASS">
          <reporter-output>
          </reporter-output>
        </test-method> <!-- forsmoketestgroup -->
      </class> <!-- testpackage.Class2 -->
      <class name="testpackage.class4">
        <test-method signature="Mobileloginhomeloan()[pri:0, instance:testpackage.class4@3c130745]" started-at="2022-02-11T15:31:13 IST" name="Mobileloginhomeloan" finished-at="2022-02-11T15:31:13 IST" duration-ms="1" status="PASS">
          <reporter-output>
          </reporter-output>
        </test-method> <!-- Mobileloginhomeloan -->
      </class> <!-- testpackage.class4 -->
      <class name="testpackage.basics">
        <test-method signature="Case2()[pri:0, instance:testpackage.basics@49b0b76]" started-at="2022-02-11T15:31:13 IST" name="Case2" finished-at="2022-02-11T15:31:13 IST" duration-ms="10" status="PASS">
          <reporter-output>
          </reporter-output>
        </test-method> <!-- Case2 -->
      </class> <!-- testpackage.basics -->
      <class name="testpackage.class3">
        <test-method signature="Weblogincarloan(java.lang.String,java.lang.String)[pri:0, instance:testpackage.class3@61230f6a]" started-at="2022-02-11T15:31:13 IST" name="Weblogincarloan" finished-at="2022-02-11T15:31:13 IST" duration-ms="0" status="FAIL">
          <exception class="org.testng.TestNGException">
            <message>
              <![CDATA[
Parameter 'URL' is required by @Test on method Weblogincarloan but has not been marked @Optional or defined
in C:\Users\gnk1\seleniumTraining\Testng\testng3.xml]]>
            </message>
            <full-stacktrace>
              <![CDATA[org.testng.TestNGException: 
Parameter 'URL' is required by @Test on method Weblogincarloan but has not been marked @Optional or defined
in C:\Users\gnk1\seleniumTraining\Testng\testng3.xml
at org.testng.internal.Parameters.createParams(Parameters.java:270)
at org.testng.internal.Parameters.createParametersForMethod(Parameters.java:358)
at org.testng.internal.Parameters.createParameters(Parameters.java:700)
at org.testng.internal.Parameters.handleParameters(Parameters.java:884)
at org.testng.internal.Parameters.handleParameters(Parameters.java:740)
at org.testng.internal.ParameterHandler.handleParameters(ParameterHandler.java:59)
at org.testng.internal.ParameterHandler.createParameters(ParameterHandler.java:38)
at org.testng.internal.TestInvoker$MethodInvocationAgent.invoke(TestInvoker.java:791)
at org.testng.internal.TestInvoker.invokeTestMethods(TestInvoker.java:146)
at org.testng.internal.TestMethodWorker.invokeTestMethods(TestMethodWorker.java:146)
at org.testng.internal.TestMethodWorker.run(TestMethodWorker.java:128)
at java.base/java.util.ArrayList.forEach(ArrayList.java:1511)
at org.testng.TestRunner.privateRun(TestRunner.java:794)
at org.testng.TestRunner.run(TestRunner.java:596)
at org.testng.SuiteRunner.runTest(SuiteRunner.java:377)
at org.testng.SuiteRunner.runSequentially(SuiteRunner.java:371)
at org.testng.SuiteRunner.privateRun(SuiteRunner.java:332)
at org.testng.SuiteRunner.run(SuiteRunner.java:276)
at org.testng.SuiteRunnerWorker.runSuite(SuiteRunnerWorker.java:53)
at org.testng.SuiteRunnerWorker.run(SuiteRunnerWorker.java:96)
at org.testng.TestNG.runSuitesSequentially(TestNG.java:1212)
at org.testng.TestNG.runSuitesLocally(TestNG.java:1134)
at org.testng.TestNG.runSuites(TestNG.java:1063)
at org.testng.TestNG.run(TestNG.java:1031)
at org.testng.remote.AbstractRemoteTestNG.run(AbstractRemoteTestNG.java:115)
at org.testng.remote.RemoteTestNG.initAndRun(RemoteTestNG.java:251)
at org.testng.remote.RemoteTestNG.main(RemoteTestNG.java:77)
]]>
            </full-stacktrace>
          </exception> <!-- org.testng.TestNGException -->
          <reporter-output>
          </reporter-output>
        </test-method> <!-- Weblogincarloan -->
      </class> <!-- testpackage.class3 -->
    </test> <!-- Personal Loan -->
  </suite> <!-- Loan Department -->
</testng-results>
